<?xml version="1.0" encoding="UTF-8"?>
<testsuite name="VoucherListTest" tests="2" skipped="0" failures="0" errors="0" timestamp="2017-07-21T18:19:37" hostname="DESKTOP-TUTCSGI" time="0.008">
  <properties/>
  <testcase name="伝票の追加を,clean,file save, file loadのテスト" classname="VoucherListTest" time="0.006"/>
  <testcase name="酒の数が0以下でInputException" classname="VoucherListTest" time="0.002"/>
  <system-out><![CDATA[]]></system-out>
  <system-err><![CDATA[]]></system-err>
</testsuite>
