<?xml version="1.0" encoding="UTF-8"?>
<testsuite name="UserTest" tests="3" skipped="0" failures="0" errors="0" timestamp="2017-07-21T18:19:37" hostname="DESKTOP-TUTCSGI" time="0.003">
  <properties/>
  <testcase name="1,2,3が入力された時はその値をそのまま帰す" classname="UserTest" time="0.002"/>
  <testcase name="0以下の数字が入力されればInputExceptionを吐く" classname="UserTest" time="0.0"/>
  <testcase name="4以上の数字が入力されればInputExceptionを吐く" classname="UserTest" time="0.001"/>
  <system-out><![CDATA[]]></system-out>
  <system-err><![CDATA[]]></system-err>
</testsuite>
