<?xml version="1.0" encoding="UTF-8"?>
<testsuite name="OrderTest" tests="4" skipped="0" failures="0" errors="0" timestamp="2017-07-25T15:24:18" hostname="DESKTOP-TUTCSGI" time="0.024">
  <properties/>
  <testcase name="注文を行う" classname="OrderTest" time="0.021"/>
  <testcase name="異常な注文を行う(酒の注文数が0以下)" classname="OrderTest" time="0.001"/>
  <testcase name="異常な注文を行う(在庫切れ)" classname="OrderTest" time="0.001"/>
  <testcase name="異常な注文を行う(在庫が存在しない)" classname="OrderTest" time="0.001"/>
  <system-out><![CDATA[]]></system-out>
  <system-err><![CDATA[]]></system-err>
</testsuite>
