<?xml version="1.0" encoding="UTF-8"?>
<testsuite name="ArrivalTest" tests="3" skipped="0" failures="0" errors="0" timestamp="2017-07-21T18:19:37" hostname="DESKTOP-TUTCSGI" time="0.071">
  <properties/>
  <testcase name="正常な入荷を行う(生成)" classname="ArrivalTest" time="0.068"/>
  <testcase name="正常な入荷を行う(追加)" classname="ArrivalTest" time="0.001"/>
  <testcase name="異常な入荷を行う(0例外)" classname="ArrivalTest" time="0.002"/>
  <system-out><![CDATA[]]></system-out>
  <system-err><![CDATA[]]></system-err>
</testsuite>
